=== Comparing power1_kopie.pptx vs power2.pptx ===
Text1 length: 6, Text2 length: 7
Text1: 'Hallo1'
Text2: 'Hallo 1'
Similarity: 0.0
Result: DIFFERENT

=== Comparing power1.pptx vs power1_kopie.pptx ===
Text1 length: 5, Text2 length: 6
Text1: 'Hallo'
Text2: 'Hallo1'
Similarity: 0.0
Result: DIFFERENT

=== Comparing power1.pptx vs power1ä_copy.pptx ===
=== Comparing power1.pptx vs power2.pptx ===
Text1 length: 5, Text2 length: 7
Text1: 'Hallo'
Text2: 'Hallo 1'
Similarity: 0.0
Result: DIFFERENT

=== Comparing power1_kopie.pptx vs power1ä_copy.pptx ===
=== Comparing power1_kopie.pptx vs power2.pptx ===
Text1 length: 6, Text2 length: 7
Text1: 'Hallo1'
Text2: 'Hallo 1'
Similarity: 0.0
Result: DIFFERENT

=== Comparing power1ä_copy.pptx vs power2.pptx ===
=== Comparing power1.pptx vs power1_kopie.pptx ===
Text1 length: 5, Text2 length: 6
Text1: 'Hallo'
Text2: 'Hallo1'
Similarity: 0.0
Result: DIFFERENT

=== Comparing power1.pptx vs power1ä_copy.pptx ===
=== Comparing power1.pptx vs power2.pptx ===
Text1 length: 5, Text2 length: 7
Text1: 'Hallo'
Text2: 'Hallo 1'
Similarity: 0.0
Result: DIFFERENT

=== Comparing power1_kopie.pptx vs power1ä_copy.pptx ===
=== Comparing power1_kopie.pptx vs power2.pptx ===
Text1 length: 6, Text2 length: 7
Text1: 'Hallo1'
Text2: 'Hallo 1'
Similarity: 0.0
Result: DIFFERENT

=== Comparing power1ä_copy.pptx vs power2.pptx ===
=== Comparing power1.pptx vs power1_kopie.pptx ===
Text1 length: 5, Text2 length: 6
Text1: 'Hallo'
Text2: 'Hallo1'
Similarity: 0.0
Result: DIFFERENT

=== Comparing power1.pptx vs power1ä_copy.pptx ===
=== Comparing power1.pptx vs power2.pptx ===
Text1 length: 5, Text2 length: 7
Text1: 'Hallo'
Text2: 'Hallo 1'
Similarity: 0.0
Result: DIFFERENT

=== Comparing power1_kopie.pptx vs power1ä_copy.pptx ===
=== Comparing power1_kopie.pptx vs power2.pptx ===
Text1 length: 6, Text2 length: 7
Text1: 'Hallo1'
Text2: 'Hallo 1'
Similarity: 0.0
Result: DIFFERENT

=== Comparing power1ä_copy.pptx vs power2.pptx ===
